
/home/runner/work/exp-diagonalization-iiith/exp-diagonalization-iiith/experiment/simulation/js/main.js
   90:9   warning  'j' is not defined  no-undef
   98:16  warning  'i' is not defined  no-undef
   98:20  warning  'i' is not defined  no-undef
   99:19  warning  'i' is not defined  no-undef
   99:24  warning  'i' is not defined  no-undef
  100:17  warning  'i' is not defined  no-undef
  100:19  warning  'i' is not defined  no-undef
  107:25  warning  'i' is not defined  no-undef
  107:29  warning  'i' is not defined  no-undef
  108:30  warning  'i' is not defined  no-undef
  108:36  warning  'i' is not defined  no-undef
  109:32  warning  'i' is not defined  no-undef
  113:29  warning  'i' is not defined  no-undef
  113:31  warning  'i' is not defined  no-undef
  117:34  warning  'j' is not defined  no-undef
  117:37  warning  'i' is not defined  no-undef
  118:29  warning  'j' is not defined  no-undef
  118:31  warning  'j' is not defined  no-undef
  119:29  warning  'i' is not defined  no-undef
  119:31  warning  'i' is not defined  no-undef
  124:29  warning  'i' is not defined  no-undef
  124:33  warning  'i' is not defined  no-undef
  125:56  warning  'i' is not defined  no-undef
  126:29  warning  'i' is not defined  no-undef
  126:31  warning  'i' is not defined  no-undef

✖ 25 problems (0 errors, 25 warnings)

